******TestCaseLOGIN002*******
******Verify the homepageTitle*****
******homepageTitle is passed*****
******Test001_Login******
******Verify the homepageTitle*****
******TestCaseLOGIN002*******
******TestCaseLOGIN002*******
******TestCaseLOGIN002*******
******TestCaseLOGIN002*******
******TestCaseLOGIN002*******
******Verify the homepageTitle*****
******homepageTitle is passed*****
******Test001_Login******
******Verify the homepageTitle*****
******TestCaseLOGIN002*******
***Passed***
***Passed**
******TestCaseLOGIN002*******
***Passed***
***Passed**
******TestCaseLOGIN002*******
***Passed***
***Passed**
******TestCaseLOGIN002*******
***Passed***
***Passed**
******TestCaseLOGIN002*******
***Passed***
***Passed**
******TestCaseLOGIN002*******
***Passed***
DDT is passed
End of DDT test
